d:\code\buaa\software_engineer\ase_personal_project\ase_personal_project\x64\release\ase_personal_project.ipdb
d:\code\buaa\software_engineer\ase_personal_project\ase_personal_project\x64\release\ase_personal_project.iobj
d:\code\buaa\software_engineer\ase_personal_project\ase_personal_project\ase_personal_project\x64\release\vc142.pdb
d:\code\buaa\software_engineer\ase_personal_project\ase_personal_project\ase_personal_project\x64\release\point.nativecodeanalysis.sarif
d:\code\buaa\software_engineer\ase_personal_project\ase_personal_project\ase_personal_project\x64\release\point.nativecodeanalysis.xml
d:\code\buaa\software_engineer\ase_personal_project\ase_personal_project\ase_personal_project\x64\release\main.nativecodeanalysis.sarif
d:\code\buaa\software_engineer\ase_personal_project\ase_personal_project\ase_personal_project\x64\release\main.nativecodeanalysis.xml
d:\code\buaa\software_engineer\ase_personal_project\ase_personal_project\ase_personal_project\x64\release\line.nativecodeanalysis.sarif
d:\code\buaa\software_engineer\ase_personal_project\ase_personal_project\ase_personal_project\x64\release\line.nativecodeanalysis.xml
d:\code\buaa\software_engineer\ase_personal_project\ase_personal_project\ase_personal_project\x64\release\io_class.nativecodeanalysis.sarif
d:\code\buaa\software_engineer\ase_personal_project\ase_personal_project\ase_personal_project\x64\release\io_class.nativecodeanalysis.xml
d:\code\buaa\software_engineer\ase_personal_project\ase_personal_project\ase_personal_project\x64\release\circle.nativecodeanalysis.sarif
d:\code\buaa\software_engineer\ase_personal_project\ase_personal_project\ase_personal_project\x64\release\circle.nativecodeanalysis.xml
d:\code\buaa\software_engineer\ase_personal_project\ase_personal_project\ase_personal_project\x64\release\canvas.nativecodeanalysis.sarif
d:\code\buaa\software_engineer\ase_personal_project\ase_personal_project\ase_personal_project\x64\release\canvas.nativecodeanalysis.xml
d:\code\buaa\software_engineer\ase_personal_project\ase_personal_project\ase_personal_project\x64\release\canvas.obj
d:\code\buaa\software_engineer\ase_personal_project\ase_personal_project\ase_personal_project\x64\release\circle.obj
d:\code\buaa\software_engineer\ase_personal_project\ase_personal_project\ase_personal_project\x64\release\io_class.obj
d:\code\buaa\software_engineer\ase_personal_project\ase_personal_project\ase_personal_project\x64\release\line.obj
d:\code\buaa\software_engineer\ase_personal_project\ase_personal_project\ase_personal_project\x64\release\main.obj
d:\code\buaa\software_engineer\ase_personal_project\ase_personal_project\ase_personal_project\x64\release\point.obj
d:\code\buaa\software_engineer\ase_personal_project\ase_personal_project\x64\release\ase_personal_project.exe
d:\code\buaa\software_engineer\ase_personal_project\ase_personal_project\x64\release\ase_personal_project.pdb
d:\code\buaa\software_engineer\ase_personal_project\ase_personal_project\ase_personal_project\x64\release\nativecodeanalysis.read.1.tlog
d:\code\buaa\software_engineer\ase_personal_project\ase_personal_project\ase_personal_project\x64\release\vc.nativecodeanalysis.all.xml
d:\code\buaa\software_engineer\ase_personal_project\ase_personal_project\x64\release\ase_personal_project.exe.lastcodeanalysissucceeded
d:\code\buaa\software_engineer\ase_personal_project\ase_personal_project\ase_personal_project\x64\release\ase_pers.96e01301.tlog\ase_personal_project.write.1u.tlog
d:\code\buaa\software_engineer\ase_personal_project\ase_personal_project\ase_personal_project\x64\release\ase_pers.96e01301.tlog\cl.command.1.tlog
d:\code\buaa\software_engineer\ase_personal_project\ase_personal_project\ase_personal_project\x64\release\ase_pers.96e01301.tlog\cl.read.1.tlog
d:\code\buaa\software_engineer\ase_personal_project\ase_personal_project\ase_personal_project\x64\release\ase_pers.96e01301.tlog\cl.write.1.tlog
d:\code\buaa\software_engineer\ase_personal_project\ase_personal_project\ase_personal_project\x64\release\ase_pers.96e01301.tlog\link.command.1.tlog
d:\code\buaa\software_engineer\ase_personal_project\ase_personal_project\ase_personal_project\x64\release\ase_pers.96e01301.tlog\link.delete.1.tlog
d:\code\buaa\software_engineer\ase_personal_project\ase_personal_project\ase_personal_project\x64\release\ase_pers.96e01301.tlog\link.read.1.tlog
d:\code\buaa\software_engineer\ase_personal_project\ase_personal_project\ase_personal_project\x64\release\ase_pers.96e01301.tlog\link.write.1.tlog
