  Canvas.cpp
D:\code\BUAA\software_engineer\ASE_personal_project\src\Canvas.cpp(3,1): warning C4005: “LINE”: 宏重定义
D:\code\BUAA\software_engineer\ASE_personal_project\src\Line.h(5): message : 参见“LINE”的前一个定义
D:\code\BUAA\software_engineer\ASE_personal_project\src\Canvas.cpp(4,1): warning C4005: “CIRCLE”: 宏重定义
D:\code\BUAA\software_engineer\ASE_personal_project\src\Circle.h(4): message : 参见“CIRCLE”的前一个定义
D:\code\BUAA\software_engineer\ASE_personal_project\src\Canvas.cpp(21,37): warning C4267: “初始化”: 从“size_t”转换到“int”，可能丢失数据
D:\code\BUAA\software_engineer\ASE_personal_project\src\Canvas.cpp(44,19): warning C4267: “=”: 从“size_t”转换到“int”，可能丢失数据
D:\code\BUAA\software_engineer\ASE_personal_project\src\Canvas.cpp(68,21): warning C4267: “=”: 从“size_t”转换到“int”，可能丢失数据
D:\code\BUAA\software_engineer\ASE_personal_project\src\Canvas.cpp(105,32): warning C4267: “return”: 从“size_t”转换到“int”，可能丢失数据
D:\code\BUAA\software_engineer\ASE_personal_project\src\Canvas.cpp(131,31): warning C4101: “i_2_y”: 未引用的局部变量
D:\code\BUAA\software_engineer\ASE_personal_project\src\Canvas.cpp(131,24): warning C4101: “i_2_x”: 未引用的局部变量
  Circle.cpp
D:\code\BUAA\software_engineer\ASE_personal_project\src\Circle.cpp(7,45): warning C4267: “初始化”: 从“size_t”转换到“int”，可能丢失数据
D:\code\BUAA\software_engineer\ASE_personal_project\src\Circle.cpp(13,22): warning C4267: “=”: 从“size_t”转换到“int”，可能丢失数据
  IO_class.cpp
  Line.cpp
D:\code\BUAA\software_engineer\ASE_personal_project\src\Line.cpp(14,45): warning C4267: “初始化”: 从“size_t”转换到“int”，可能丢失数据
D:\code\BUAA\software_engineer\ASE_personal_project\src\Line.cpp(21,22): warning C4267: “=”: 从“size_t”转换到“int”，可能丢失数据
  Point.cpp
  main.cpp
  正在编译...
  正在生成代码
  114 of 498 functions (22.9%) were compiled, the rest were copied from previous compilation.
    91 functions were new in current compilation
    64 functions had inline decision re-evaluated but remain unchanged
  已完成代码的生成
  ASE_personal_project.vcxproj -> D:\code\BUAA\software_engineer\ASE_personal_project\ASE_personal_project\x64\Release\ASE_personal_project.exe
D:\code\BUAA\software_engineer\ASE_personal_project\src\Line.cpp(8): warning C26495: 未初始化变量 Line::A。始终初始化成员变量(type.6)。
D:\code\BUAA\software_engineer\ASE_personal_project\src\Line.cpp(60): warning C26451: 算术溢出: 使用 4 字节值上的运算符 - ，然后将结果转换到 8 字节值。在调用运算符 - 之前将值强制转换为宽类型可避免溢出(io.2)。
D:\code\BUAA\software_engineer\ASE_personal_project\src\Line.cpp(60): warning C26451: 算术溢出: 使用 4 字节值上的运算符 - ，然后将结果转换到 8 字节值。在调用运算符 - 之前将值强制转换为宽类型可避免溢出(io.2)。
D:\code\BUAA\software_engineer\ASE_personal_project\src\Line.cpp(62): warning C26451: 算术溢出: 使用 4 字节值上的运算符 - ，然后将结果转换到 8 字节值。在调用运算符 - 之前将值强制转换为宽类型可避免溢出(io.2)。
D:\code\BUAA\software_engineer\ASE_personal_project\src\Line.cpp(62): warning C26451: 算术溢出: 使用 4 字节值上的运算符 * ，然后将结果转换到 8 字节值。在调用运算符 * 之前将值强制转换为宽类型可避免溢出(io.2)。
D:\code\BUAA\software_engineer\ASE_personal_project\src\Line.cpp(62): warning C26451: 算术溢出: 使用 4 字节值上的运算符 - ，然后将结果转换到 8 字节值。在调用运算符 - 之前将值强制转换为宽类型可避免溢出(io.2)。
